{
  "stats": {
    "suites": 1,
    "tests": 1,
    "passes": 1,
    "pending": 0,
    "failures": 0,
    "start": "2020-09-24T15:55:55.185Z",
    "end": "2020-09-24T15:56:01.797Z",
    "duration": 6612,
    "testsRegistered": 1,
    "passPercent": 100,
    "pendingPercent": 0,
    "other": 0,
    "hasOther": false,
    "skipped": 0,
    "hasSkipped": false
  },
  "results": [
    {
      "uuid": "e42a196b-c79a-43f4-b01c-02b5e41aa892",
      "title": "",
      "fullFile": "cypress\\integration\\local.feature",
      "file": "cypress\\integration\\local.feature",
      "beforeHooks": [],
      "afterHooks": [],
      "tests": [],
      "suites": [
        {
          "uuid": "afd605ef-4073-4947-ba9e-ab995ec1862d",
          "title": "Check product details page",
          "fullFile": "",
          "file": "",
          "beforeHooks": [],
          "afterHooks": [],
          "tests": [
            {
              "title": "Visit Product page on Local Website",
              "fullTitle": "Check product details page Visit Product page on Local Website",
              "timedOut": null,
              "duration": 3403,
              "state": "passed",
              "speed": "slow",
              "pass": true,
              "fail": false,
              "pending": false,
              "context": null,
              "code": "const state = window.testState;\nreturn cy\n  .then(() => state.onStartScenario(scenario, indexedSteps))\n  .then(() =>\n    resolveAndRunBeforeHooks.call(this, scenario.tags, state.feature.name)\n  )\n  .then(() =>\n    indexedSteps.forEach(step =>\n      stepTest.call(this, state, step, rowData)\n    )\n  )\n  .then(() =>\n    resolveAndRunAfterHooks.call(this, scenario.tags, state.feature.name)\n  )\n  .then(() => state.onFinishScenario(scenario));",
              "err": {},
              "uuid": "10943e84-953d-4037-90ed-0add5897a892",
              "parentUUID": "afd605ef-4073-4947-ba9e-ab995ec1862d",
              "isHook": false,
              "skipped": false
            }
          ],
          "suites": [],
          "passes": [
            "10943e84-953d-4037-90ed-0add5897a892"
          ],
          "failures": [],
          "pending": [],
          "skipped": [],
          "duration": 3403,
          "root": false,
          "rootEmpty": false,
          "_timeout": 2000
        }
      ],
      "passes": [],
      "failures": [],
      "pending": [],
      "skipped": [],
      "duration": 0,
      "root": true,
      "rootEmpty": true,
      "_timeout": 2000
    }
  ],
  "meta": {
    "mocha": {
      "version": "7.0.1"
    },
    "mochawesome": {
      "options": {
        "quiet": false,
        "reportFilename": "report",
        "saveHtml": true,
        "saveJson": true,
        "consoleReporter": "spec",
        "useInlineDiffs": false,
        "code": true
      },
      "version": "6.1.1"
    },
    "marge": {
      "options": {
        "reportDir": "cypress/reports/",
        "reportFilename": "report",
        "timestamp": "mmddyyyy_HHMM",
        "overwrite": true,
        "html": true,
        "json": true
      },
      "version": "5.1.0"
    }
  }
}