{
  "stats": {
    "suites": 1,
    "tests": 1,
    "passes": 0,
    "pending": 0,
    "failures": 1,
    "start": "2020-09-24T15:43:50.550Z",
    "end": "2020-09-24T15:43:51.225Z",
    "duration": 675,
    "testsRegistered": 1,
    "passPercent": 0,
    "pendingPercent": 0,
    "other": 0,
    "hasOther": false,
    "skipped": 0,
    "hasSkipped": false
  },
  "results": [
    {
      "uuid": "1d2fa867-2148-463e-84fa-93f2b5eaadbf",
      "title": "",
      "fullFile": "cypress\\integration\\local.feature",
      "file": "cypress\\integration\\local.feature",
      "beforeHooks": [],
      "afterHooks": [],
      "tests": [],
      "suites": [
        {
          "uuid": "c4aa18a3-2da4-4d3e-906d-7ba2cc55c93c",
          "title": "Check product details page",
          "fullFile": "",
          "file": "",
          "beforeHooks": [],
          "afterHooks": [],
          "tests": [
            {
              "title": "Visit Product page on Local Website",
              "fullTitle": "Check product details page Visit Product page on Local Website",
              "timedOut": null,
              "duration": 586,
              "state": "failed",
              "speed": null,
              "pass": false,
              "fail": true,
              "pending": false,
              "context": null,
              "code": "const state = window.testState;\nreturn cy\n  .then(() => state.onStartScenario(scenario, indexedSteps))\n  .then(() =>\n    resolveAndRunBeforeHooks.call(this, scenario.tags, state.feature.name)\n  )\n  .then(() =>\n    indexedSteps.forEach(step =>\n      stepTest.call(this, state, step, rowData)\n    )\n  )\n  .then(() =>\n    resolveAndRunAfterHooks.call(this, scenario.tags, state.feature.name)\n  )\n  .then(() => state.onFinishScenario(scenario));",
              "err": {
                "message": "Error: Step implementation missing for: You visit local website",
                "estack": "Error: Step implementation missing for: You visit local website\n    at Context.resolveAndRunStepDefinition (http://localhost:59287/__cypress/tests?p=cypress\\integration\\local.feature:10396:11)\n    at Context.eval (http://localhost:59287/__cypress/tests?p=cypress\\integration\\local.feature:9735:35)",
                "diff": null
              },
              "uuid": "3902a39a-4ed4-4b92-83cc-e83823be1543",
              "parentUUID": "c4aa18a3-2da4-4d3e-906d-7ba2cc55c93c",
              "isHook": false,
              "skipped": false
            }
          ],
          "suites": [],
          "passes": [],
          "failures": [
            "3902a39a-4ed4-4b92-83cc-e83823be1543"
          ],
          "pending": [],
          "skipped": [],
          "duration": 586,
          "root": false,
          "rootEmpty": false,
          "_timeout": 2000
        }
      ],
      "passes": [],
      "failures": [],
      "pending": [],
      "skipped": [],
      "duration": 0,
      "root": true,
      "rootEmpty": true,
      "_timeout": 2000
    }
  ],
  "meta": {
    "mocha": {
      "version": "7.0.1"
    },
    "mochawesome": {
      "options": {
        "quiet": false,
        "reportFilename": "report",
        "saveHtml": true,
        "saveJson": true,
        "consoleReporter": "spec",
        "useInlineDiffs": false,
        "code": true
      },
      "version": "6.1.1"
    },
    "marge": {
      "options": {
        "reportDir": "cypress/reports/",
        "reportFilename": "report",
        "timestamp": "mmddyyyy_HHMM",
        "overwrite": true,
        "html": true,
        "json": true
      },
      "version": "5.1.0"
    }
  }
}