{
  "stats": {
    "suites": 1,
    "tests": 1,
    "passes": 0,
    "pending": 0,
    "failures": 1,
    "start": "2020-09-21T15:07:15.855Z",
    "end": "2020-09-21T15:08:51.846Z",
    "duration": 95991,
    "testsRegistered": 1,
    "passPercent": 0,
    "pendingPercent": 0,
    "other": 0,
    "hasOther": false,
    "skipped": 0,
    "hasSkipped": false
  },
  "results": [
    {
      "uuid": "abe5fc56-d15a-44e4-9d71-753b6c3d3811",
      "title": "",
      "fullFile": "cypress\\integration\\visit.feature",
      "file": "cypress\\integration\\visit.feature",
      "beforeHooks": [],
      "afterHooks": [],
      "tests": [],
      "suites": [
        {
          "uuid": "f8aa19c9-3013-494f-93df-f4d2e21d43af",
          "title": "Submit a Claim",
          "fullFile": "",
          "file": "",
          "beforeHooks": [],
          "afterHooks": [],
          "tests": [
            {
              "title": "Visit a region",
              "fullTitle": "Submit a Claim Visit a region",
              "timedOut": null,
              "duration": 88524,
              "state": "failed",
              "speed": null,
              "pass": false,
              "fail": true,
              "pending": false,
              "context": null,
              "code": "const state = window.testState;\nreturn cy\n  .then(() => state.onStartScenario(scenario, indexedSteps))\n  .then(() =>\n    resolveAndRunBeforeHooks.call(this, scenario.tags, state.feature.name)\n  )\n  .then(() =>\n    indexedSteps.forEach(step =>\n      stepTest.call(this, state, step, rowData)\n    )\n  )\n  .then(() =>\n    resolveAndRunAfterHooks.call(this, scenario.tags, state.feature.name)\n  )\n  .then(() => state.onFinishScenario(scenario));",
              "err": {
                "message": "AssertionError: Timed out retrying: Expected to find element: `[class='message']`, but never found it.",
                "estack": "AssertionError: Timed out retrying: Expected to find element: `[class='message']`, but never found it.\n    at prodSelection.selectToUploadDocument (https://uat-demo.insytpromotions.com/__cypress/tests?p=cypress\\integration\\visit.feature:317:10)\n    at Context.eval (https://uat-demo.insytpromotions.com/__cypress/tests?p=cypress\\integration\\visit.feature:691:14)\n    at Context.resolveAndRunStepDefinition (https://uat-demo.insytpromotions.com/__cypress/tests?p=cypress\\integration\\visit.feature:11133:9)\n    at Context.eval (https://uat-demo.insytpromotions.com/__cypress/tests?p=cypress\\integration\\visit.feature:10475:35)",
                "diff": null
              },
              "uuid": "2c2aeffd-75c7-4fd6-ab4c-784877ac45a5",
              "parentUUID": "f8aa19c9-3013-494f-93df-f4d2e21d43af",
              "isHook": false,
              "skipped": false
            }
          ],
          "suites": [],
          "passes": [],
          "failures": [
            "2c2aeffd-75c7-4fd6-ab4c-784877ac45a5"
          ],
          "pending": [],
          "skipped": [],
          "duration": 88524,
          "root": false,
          "rootEmpty": false,
          "_timeout": 2000
        }
      ],
      "passes": [],
      "failures": [],
      "pending": [],
      "skipped": [],
      "duration": 0,
      "root": true,
      "rootEmpty": true,
      "_timeout": 2000
    }
  ],
  "meta": {
    "mocha": {
      "version": "7.0.1"
    },
    "mochawesome": {
      "options": {
        "quiet": false,
        "reportFilename": "report",
        "saveHtml": true,
        "saveJson": true,
        "consoleReporter": "spec",
        "useInlineDiffs": false,
        "code": true
      },
      "version": "6.1.1"
    },
    "marge": {
      "options": {
        "reportDir": "cypress/reports/",
        "reportFilename": "report",
        "timestamp": "mmddyyyy_HHMM",
        "overwrite": true,
        "html": true,
        "json": true
      },
      "version": "5.1.0"
    }
  }
}